<?xml version="1.0" encoding="UTF-8"?>
<!-- Generated by org.testng.reporters.JUnitReportReporter -->
<testsuite hostname="TYSS-Apoorva" failures="0" tests="1" name="testScript.To_lunch_Poco" time="16.373" errors="0" timestamp="2024-01-17T00:32:37 IST" skipped="0">
  <testcase classname="testScript.To_lunch_Poco" name="poco" time="16.373"/>
</testsuite> <!-- testScript.To_lunch_Poco -->
