<?xml version="1.0" encoding="UTF-8"?>
<!-- Generated by org.testng.reporters.JUnitReportReporter -->
<testsuite hostname="TYSS-Apoorva" failures="0" tests="3" name="workingWithUnitTestNg.DemowebshopLogin" time="16.738" errors="0" timestamp="2024-01-23T15:13:20 IST" skipped="0">
  <testcase classname="workingWithUnitTestNg.DemowebshopLogin" name="loginDemo" time="5.363">
    <system-out>
      <![CDATA[User is able to open empty browser
User is able to maximixe browser
User is able to click on register link
User is able to click on female radio button]]>
    </system-out>
  </testcase> <!-- loginDemo -->
  <testcase classname="workingWithUnitTestNg.DemowebshopLogin" name="loginDemo" time="5.713">
    <system-out>
      <![CDATA[User is able to open empty browser
User is able to maximixe browser
User is able to click on register link
User is able to click on female radio button]]>
    </system-out>
  </testcase> <!-- loginDemo -->
  <testcase classname="workingWithUnitTestNg.DemowebshopLogin" name="loginDemo" time="5.662">
    <system-out>
      <![CDATA[User is able to open empty browser
User is able to maximixe browser
User is able to click on register link
User is able to click on female radio button]]>
    </system-out>
  </testcase> <!-- loginDemo -->
  <system-out>
    <![CDATA[User is able to open empty browser
User is able to open empty browser
User is able to open empty browser
User is able to maximixe browser
User is able to maximixe browser
User is able to maximixe browser
User is able to click on register link
User is able to click on female radio button
User is able to click on register link
User is able to click on register link
User is able to click on female radio button
User is able to click on female radio button]]>
  </system-out>
</testsuite> <!-- workingWithUnitTestNg.DemowebshopLogin -->
