<?xml version="1.0" encoding="UTF-8"?>
<!-- Generated by org.testng.reporters.JUnitReportReporter -->
<testsuite hostname="TYSS-Apoorva" failures="0" tests="6" name="workingWithUnitTestNg.Basic" time="0.106" errors="0" timestamp="2024-01-12T00:49:55 IST" skipped="0">
  <testcase classname="workingWithUnitTestNg.Basic" name="addtocart" time="0.026"/>
  <testcase classname="workingWithUnitTestNg.Basic" name="wishlist" time="0.016"/>
  <testcase classname="workingWithUnitTestNg.Basic" name="login" time="0.041"/>
  <testcase classname="workingWithUnitTestNg.Basic" name="register" time="0.001"/>
  <testcase classname="workingWithUnitTestNg.Basic" name="vote" time="0.006"/>
  <testcase classname="workingWithUnitTestNg.Basic" name="signout" time="0.016"/>
</testsuite> <!-- workingWithUnitTestNg.Basic -->
