<?xml version="1.0" encoding="UTF-8"?>
<!-- Generated by org.testng.reporters.JUnitReportReporter -->
<testsuite hostname="TYSS-Apoorva" failures="0" tests="6" name="workingWithUnitTestNg.InvocationCount" time="0.107" errors="0" timestamp="2024-01-12T01:13:58 IST" skipped="1">
  <testcase classname="workingWithUnitTestNg.InvocationCount" name="openbrowser" time="0.063"/>
  <testcase classname="workingWithUnitTestNg.InvocationCount" name="enterurl" time="0.011"/>
  <testcase classname="workingWithUnitTestNg.InvocationCount" name="register" time="0.013"/>
  <testcase classname="workingWithUnitTestNg.InvocationCount" name="register" time="0.003"/>
  <testcase classname="workingWithUnitTestNg.InvocationCount" name="register" time="0.017"/>
  <testcase classname="workingWithUnitTestNg.InvocationCount" name="logout">
    <skipped/>
  </testcase> <!-- logout -->
</testsuite> <!-- workingWithUnitTestNg.InvocationCount -->
