<?xml version="1.0" encoding="UTF-8"?>
<!-- Generated by org.testng.reporters.JUnitReportReporter -->
<testsuite hostname="TYSS-Apoorva" failures="0" tests="3" name="workingWithUnitTestNg.ToUnderStandChronologicalOrder" time="0.043" errors="0" timestamp="2024-01-13T00:35:26 IST" skipped="0">
  <testcase classname="workingWithUnitTestNg.ToUnderStandChronologicalOrder" name="run" time="0.006"/>
  <testcase classname="workingWithUnitTestNg.ToUnderStandChronologicalOrder" name="apoorva" time="0.032"/>
  <testcase classname="workingWithUnitTestNg.ToUnderStandChronologicalOrder" name="test" time="0.005"/>
</testsuite> <!-- workingWithUnitTestNg.ToUnderStandChronologicalOrder -->
