<?xml version="1.0" encoding="UTF-8"?>
<!-- Generated by org.testng.reporters.JUnitReportReporter -->
<testsuite hostname="TYSS-Apoorva" failures="0" tests="7" name="workingWithUnitTestNg.ToWorkWithTestNg" time="0.187" errors="0" timestamp="2024-01-12T00:31:52 IST" skipped="0">
  <testcase classname="workingWithUnitTestNg.ToWorkWithTestNg" name="A" time="0.082"/>
  <testcase classname="workingWithUnitTestNg.ToWorkWithTestNg" name="C" time="0.019"/>
  <testcase classname="workingWithUnitTestNg.ToWorkWithTestNg" name="d" time="0.014"/>
  <testcase classname="workingWithUnitTestNg.ToWorkWithTestNg" name="B" time="0.020"/>
  <testcase classname="workingWithUnitTestNg.ToWorkWithTestNg" name="a" time="0.012"/>
  <testcase classname="workingWithUnitTestNg.ToWorkWithTestNg" name="c" time="0.022"/>
  <testcase classname="workingWithUnitTestNg.ToWorkWithTestNg" name="b" time="0.018"/>
</testsuite> <!-- workingWithUnitTestNg.ToWorkWithTestNg -->
