<?xml version="1.0" encoding="UTF-8"?>
<!-- Generated by org.testng.reporters.JUnitReportReporter -->
<testsuite hostname="TYSS-Apoorva" failures="0" tests="4" name="workingWithUnitTestNg.WorkingWithEnable" time="0.019" errors="0" timestamp="2024-01-23T15:26:40 IST" skipped="2">
  <testcase classname="workingWithUnitTestNg.WorkingWithEnable" name="enterurl" time="0.013"/>
  <testcase classname="workingWithUnitTestNg.WorkingWithEnable" name="register" time="0.006"/>
  <testcase classname="workingWithUnitTestNg.WorkingWithEnable" name="openbrowser">
    <skipped/>
  </testcase> <!-- openbrowser -->
  <testcase classname="workingWithUnitTestNg.WorkingWithEnable" name="logout">
    <skipped/>
  </testcase> <!-- logout -->
</testsuite> <!-- workingWithUnitTestNg.WorkingWithEnable -->
