<?xml version="1.0" encoding="UTF-8"?>
<!-- Generated by org.testng.reporters.JUnitReportReporter -->
<testsuite hostname="TYSS-Apoorva" failures="0" tests="1" name="workingWithUnitTestNg.ToUnderStandCrossbrowseTesting" time="77.251" errors="0" timestamp="2024-01-18T23:56:51 IST" skipped="0">
  <testcase classname="workingWithUnitTestNg.ToUnderStandCrossbrowseTesting" name="run" time="77.251"/>
</testsuite> <!-- workingWithUnitTestNg.ToUnderStandCrossbrowseTesting -->
