<?xml version="1.0" encoding="UTF-8"?>
<!-- Generated by org.testng.reporters.JUnitReportReporter -->
<testsuite hostname="TYSS-Apoorva" failures="0" tests="1" name="testScript.To_lunch_Flipcart" time="4.066" errors="0" timestamp="2024-01-25T15:10:39 IST" skipped="0">
  <testcase classname="testScript.To_lunch_Flipcart" name="flipcart" time="4.066"/>
</testsuite> <!-- testScript.To_lunch_Flipcart -->
