<?xml version="1.0" encoding="UTF-8"?>
<!-- Generated by org.testng.reporters.JUnitReportReporter -->
<testsuite hostname="TYSS-Apoorva" failures="0" tests="1" name="workingWithTestNg.p1" time="0.039" errors="0" timestamp="2024-01-10T12:15:39 IST" skipped="0">
  <testcase classname="workingWithTestNg.p1" name="testcase" time="0.039"/>
</testsuite> <!-- workingWithTestNg.p1 -->
