<?xml version="1.0" encoding="UTF-8"?>
<!-- Generated by org.testng.reporters.JUnitReportReporter -->
<testsuite hostname="TYSS-Apoorva" failures="0" tests="4" name="workingWithUnitTestNg.WorkingWithBasicDataProvider" time="0.167" errors="0" timestamp="2024-01-23T23:28:37 IST" skipped="0">
  <testcase classname="workingWithUnitTestNg.WorkingWithBasicDataProvider" name="testcase" time="0.038"/>
  <testcase classname="workingWithUnitTestNg.WorkingWithBasicDataProvider" name="testcase" time="0.033"/>
  <testcase classname="workingWithUnitTestNg.WorkingWithBasicDataProvider" name="testcase" time="0.060"/>
  <testcase classname="workingWithUnitTestNg.WorkingWithBasicDataProvider" name="testcase" time="0.036"/>
</testsuite> <!-- workingWithUnitTestNg.WorkingWithBasicDataProvider -->
