<?xml version="1.0" encoding="UTF-8"?>
<!-- Generated by org.testng.reporters.JUnitReportReporter -->
<testsuite hostname="TYSS-Apoorva" failures="0" tests="10" name="workingWithUnitTestNg.WorkingWithThreadPoolSize" time="44.139" errors="0" timestamp="2024-01-23T15:16:43 IST" skipped="0">
  <testcase classname="workingWithUnitTestNg.WorkingWithThreadPoolSize" name="run" time="0.002"/>
  <testcase classname="workingWithUnitTestNg.WorkingWithThreadPoolSize" name="run" time="0.012"/>
  <testcase classname="workingWithUnitTestNg.WorkingWithThreadPoolSize" name="run" time="0.006"/>
  <testcase classname="workingWithUnitTestNg.WorkingWithThreadPoolSize" name="toOpenDemoWebShop" time="9.201"/>
  <testcase classname="workingWithUnitTestNg.WorkingWithThreadPoolSize" name="run" time="0.009"/>
  <testcase classname="workingWithUnitTestNg.WorkingWithThreadPoolSize" name="toOpenDemoWebShop" time="6.546"/>
  <testcase classname="workingWithUnitTestNg.WorkingWithThreadPoolSize" name="run" time="0.009"/>
  <testcase classname="workingWithUnitTestNg.WorkingWithThreadPoolSize" name="toOpenDemoWebShop" time="10.976"/>
  <testcase classname="workingWithUnitTestNg.WorkingWithThreadPoolSize" name="toOpenDemoWebShop" time="8.873"/>
  <testcase classname="workingWithUnitTestNg.WorkingWithThreadPoolSize" name="toOpenDemoWebShop" time="8.505"/>
</testsuite> <!-- workingWithUnitTestNg.WorkingWithThreadPoolSize -->
