<?xml version="1.0" encoding="UTF-8"?>
<!-- Generated by org.testng.reporters.JUnitReportReporter -->
<testsuite hostname="TYSS-Apoorva" failures="0" tests="3" name="workingWithUnitTestNg.WorkingWithDataProviderForActiTime" time="34.514" errors="0" timestamp="2024-01-29T16:11:32 IST" skipped="0">
  <testcase classname="workingWithUnitTestNg.WorkingWithDataProviderForActiTime" name="openActiTime" time="4.018"/>
  <testcase classname="workingWithUnitTestNg.WorkingWithDataProviderForActiTime" name="openActiTime" time="25.079"/>
  <testcase classname="workingWithUnitTestNg.WorkingWithDataProviderForActiTime" name="openActiTime" time="5.417"/>
</testsuite> <!-- workingWithUnitTestNg.WorkingWithDataProviderForActiTime -->
