<?xml version="1.0" encoding="UTF-8"?>
<!-- Generated by org.testng.reporters.JUnitReportReporter -->
<testsuite hostname="TYSS-Apoorva" failures="0" tests="1" name="testScript.To_lunch_Lakme" time="28.732" errors="0" timestamp="2024-01-25T15:10:39 IST" skipped="0">
  <testcase classname="testScript.To_lunch_Lakme" name="lakmeindia" time="28.732"/>
</testsuite> <!-- testScript.To_lunch_Lakme -->
